<?xml version="1.0" encoding="UTF-8"?>
<testsuite xmlns:xsi="http://www.w3.org/2001/XMLSchema-instance" xsi:noNamespaceSchemaLocation="https://maven.apache.org/surefire/maven-surefire-plugin/xsd/surefire-test-report-3.0.xsd" version="3.0" name="org.example.MainTest" time="0.976" tests="6" errors="0" skipped="0" failures="0">
  <properties>
    <property name="java.specification.version" value="17"/>
    <property name="sun.jnu.encoding" value="UTF-8"/>
    <property name="java.class.path" value="/Users/marycat/IdeaProjects/project1/target/test-classes:/Users/marycat/IdeaProjects/project1/target/classes:/Users/marycat/.m2/repository/junit/junit/4.13.2/junit-4.13.2.jar:/Users/marycat/.m2/repository/org/hamcrest/hamcrest-core/1.3/hamcrest-core-1.3.jar:/Users/marycat/.m2/repository/org/testng/testng/7.10.2/testng-7.10.2.jar:/Users/marycat/.m2/repository/org/slf4j/slf4j-api/1.7.36/slf4j-api-1.7.36.jar:/Users/marycat/.m2/repository/com/beust/jcommander/1.82/jcommander-1.82.jar:/Users/marycat/.m2/repository/org/webjars/jquery/3.7.1/jquery-3.7.1.jar:/Users/marycat/.m2/repository/org/apache/cassandra/cassandra-all/2.1.6/cassandra-all-2.1.6.jar:/Users/marycat/.m2/repository/org/xerial/snappy/snappy-java/1.0.5/snappy-java-1.0.5.jar:/Users/marycat/.m2/repository/net/jpountz/lz4/lz4/1.2.0/lz4-1.2.0.jar:/Users/marycat/.m2/repository/com/ning/compress-lzf/0.8.4/compress-lzf-0.8.4.jar:/Users/marycat/.m2/repository/com/google/guava/guava/16.0/guava-16.0.jar:/Users/marycat/.m2/repository/commons-cli/commons-cli/1.1/commons-cli-1.1.jar:/Users/marycat/.m2/repository/commons-codec/commons-codec/1.2/commons-codec-1.2.jar:/Users/marycat/.m2/repository/org/apache/commons/commons-lang3/3.1/commons-lang3-3.1.jar:/Users/marycat/.m2/repository/org/apache/commons/commons-math3/3.2/commons-math3-3.2.jar:/Users/marycat/.m2/repository/com/googlecode/concurrentlinkedhashmap/concurrentlinkedhashmap-lru/1.3/concurrentlinkedhashmap-lru-1.3.jar:/Users/marycat/.m2/repository/org/antlr/antlr/3.5.2/antlr-3.5.2.jar:/Users/marycat/.m2/repository/org/antlr/ST4/4.0.8/ST4-4.0.8.jar:/Users/marycat/.m2/repository/org/antlr/antlr-runtime/3.5.2/antlr-runtime-3.5.2.jar:/Users/marycat/.m2/repository/org/codehaus/jackson/jackson-core-asl/1.9.2/jackson-core-asl-1.9.2.jar:/Users/marycat/.m2/repository/org/codehaus/jackson/jackson-mapper-asl/1.9.2/jackson-mapper-asl-1.9.2.jar:/Users/marycat/.m2/repository/jline/jline/1.0/jline-1.0.jar:/Users/marycat/.m2/repository/com/googlecode/json-simple/json-simple/1.1/json-simple-1.1.jar:/Users/marycat/.m2/repository/com/boundary/high-scale-lib/1.0.6/high-scale-lib-1.0.6.jar:/Users/marycat/.m2/repository/org/yaml/snakeyaml/1.11/snakeyaml-1.11.jar:/Users/marycat/.m2/repository/org/mindrot/jbcrypt/0.3m/jbcrypt-0.3m.jar:/Users/marycat/.m2/repository/com/yammer/metrics/metrics-core/2.2.0/metrics-core-2.2.0.jar:/Users/marycat/.m2/repository/com/addthis/metrics/reporter-config/2.1.0/reporter-config-2.1.0.jar:/Users/marycat/.m2/repository/org/hibernate/hibernate-validator/4.3.0.Final/hibernate-validator-4.3.0.Final.jar:/Users/marycat/.m2/repository/javax/validation/validation-api/1.0.0.GA/validation-api-1.0.0.GA.jar:/Users/marycat/.m2/repository/org/jboss/logging/jboss-logging/3.1.0.CR2/jboss-logging-3.1.0.CR2.jar:/Users/marycat/.m2/repository/com/thinkaurelius/thrift/thrift-server/0.3.7/thrift-server-0.3.7.jar:/Users/marycat/.m2/repository/com/lmax/disruptor/3.0.1/disruptor-3.0.1.jar:/Users/marycat/.m2/repository/com/clearspring/analytics/stream/2.5.2/stream-2.5.2.jar:/Users/marycat/.m2/repository/it/unimi/dsi/fastutil/6.5.7/fastutil-6.5.7.jar:/Users/marycat/.m2/repository/net/sf/supercsv/super-csv/2.1.0/super-csv-2.1.0.jar:/Users/marycat/.m2/repository/ch/qos/logback/logback-core/1.1.2/logback-core-1.1.2.jar:/Users/marycat/.m2/repository/ch/qos/logback/logback-classic/1.1.2/logback-classic-1.1.2.jar:/Users/marycat/.m2/repository/org/apache/thrift/libthrift/0.9.2/libthrift-0.9.2.jar:/Users/marycat/.m2/repository/org/apache/httpcomponents/httpclient/4.2.5/httpclient-4.2.5.jar:/Users/marycat/.m2/repository/commons-logging/commons-logging/1.1.1/commons-logging-1.1.1.jar:/Users/marycat/.m2/repository/org/apache/httpcomponents/httpcore/4.2.4/httpcore-4.2.4.jar:/Users/marycat/.m2/repository/org/apache/cassandra/cassandra-thrift/2.1.6/cassandra-thrift-2.1.6.jar:/Users/marycat/.m2/repository/net/java/dev/jna/jna/4.0.0/jna-4.0.0.jar:/Users/marycat/.m2/repository/com/github/jbellis/jamm/0.3.0/jamm-0.3.0.jar:/Users/marycat/.m2/repository/io/netty/netty-all/4.0.23.Final/netty-all-4.0.23.Final.jar:"/>
    <property name="java.vm.vendor" value="Amazon.com Inc."/>
    <property name="sun.arch.data.model" value="64"/>
    <property name="java.vendor.url" value="https://aws.amazon.com/corretto/"/>
    <property name="user.timezone" value="Europe/Moscow"/>
    <property name="os.name" value="Mac OS X"/>
    <property name="java.vm.specification.version" value="17"/>
    <property name="sun.java.launcher" value="SUN_STANDARD"/>
    <property name="user.country" value="RU"/>
    <property name="sun.boot.library.path" value="/Users/marycat/Library/Java/JavaVirtualMachines/corretto-17.0.9/Contents/Home/lib"/>
    <property name="sun.java.command" value="/Users/marycat/IdeaProjects/project1/target/surefire/surefirebooter-20240507185043393_3.jar /Users/marycat/IdeaProjects/project1/target/surefire 2024-05-07T18-50-42_211-jvmRun1 surefire-20240507185043393_1tmp surefire_0-20240507185043393_2tmp"/>
    <property name="http.nonProxyHosts" value="local|*.local|169.254/16|*.169.254/16"/>
    <property name="jdk.debug" value="release"/>
    <property name="surefire.test.class.path" value="/Users/marycat/IdeaProjects/project1/target/test-classes:/Users/marycat/IdeaProjects/project1/target/classes:/Users/marycat/.m2/repository/junit/junit/4.13.2/junit-4.13.2.jar:/Users/marycat/.m2/repository/org/hamcrest/hamcrest-core/1.3/hamcrest-core-1.3.jar:/Users/marycat/.m2/repository/org/testng/testng/7.10.2/testng-7.10.2.jar:/Users/marycat/.m2/repository/org/slf4j/slf4j-api/1.7.36/slf4j-api-1.7.36.jar:/Users/marycat/.m2/repository/com/beust/jcommander/1.82/jcommander-1.82.jar:/Users/marycat/.m2/repository/org/webjars/jquery/3.7.1/jquery-3.7.1.jar:/Users/marycat/.m2/repository/org/apache/cassandra/cassandra-all/2.1.6/cassandra-all-2.1.6.jar:/Users/marycat/.m2/repository/org/xerial/snappy/snappy-java/1.0.5/snappy-java-1.0.5.jar:/Users/marycat/.m2/repository/net/jpountz/lz4/lz4/1.2.0/lz4-1.2.0.jar:/Users/marycat/.m2/repository/com/ning/compress-lzf/0.8.4/compress-lzf-0.8.4.jar:/Users/marycat/.m2/repository/com/google/guava/guava/16.0/guava-16.0.jar:/Users/marycat/.m2/repository/commons-cli/commons-cli/1.1/commons-cli-1.1.jar:/Users/marycat/.m2/repository/commons-codec/commons-codec/1.2/commons-codec-1.2.jar:/Users/marycat/.m2/repository/org/apache/commons/commons-lang3/3.1/commons-lang3-3.1.jar:/Users/marycat/.m2/repository/org/apache/commons/commons-math3/3.2/commons-math3-3.2.jar:/Users/marycat/.m2/repository/com/googlecode/concurrentlinkedhashmap/concurrentlinkedhashmap-lru/1.3/concurrentlinkedhashmap-lru-1.3.jar:/Users/marycat/.m2/repository/org/antlr/antlr/3.5.2/antlr-3.5.2.jar:/Users/marycat/.m2/repository/org/antlr/ST4/4.0.8/ST4-4.0.8.jar:/Users/marycat/.m2/repository/org/antlr/antlr-runtime/3.5.2/antlr-runtime-3.5.2.jar:/Users/marycat/.m2/repository/org/codehaus/jackson/jackson-core-asl/1.9.2/jackson-core-asl-1.9.2.jar:/Users/marycat/.m2/repository/org/codehaus/jackson/jackson-mapper-asl/1.9.2/jackson-mapper-asl-1.9.2.jar:/Users/marycat/.m2/repository/jline/jline/1.0/jline-1.0.jar:/Users/marycat/.m2/repository/com/googlecode/json-simple/json-simple/1.1/json-simple-1.1.jar:/Users/marycat/.m2/repository/com/boundary/high-scale-lib/1.0.6/high-scale-lib-1.0.6.jar:/Users/marycat/.m2/repository/org/yaml/snakeyaml/1.11/snakeyaml-1.11.jar:/Users/marycat/.m2/repository/org/mindrot/jbcrypt/0.3m/jbcrypt-0.3m.jar:/Users/marycat/.m2/repository/com/yammer/metrics/metrics-core/2.2.0/metrics-core-2.2.0.jar:/Users/marycat/.m2/repository/com/addthis/metrics/reporter-config/2.1.0/reporter-config-2.1.0.jar:/Users/marycat/.m2/repository/org/hibernate/hibernate-validator/4.3.0.Final/hibernate-validator-4.3.0.Final.jar:/Users/marycat/.m2/repository/javax/validation/validation-api/1.0.0.GA/validation-api-1.0.0.GA.jar:/Users/marycat/.m2/repository/org/jboss/logging/jboss-logging/3.1.0.CR2/jboss-logging-3.1.0.CR2.jar:/Users/marycat/.m2/repository/com/thinkaurelius/thrift/thrift-server/0.3.7/thrift-server-0.3.7.jar:/Users/marycat/.m2/repository/com/lmax/disruptor/3.0.1/disruptor-3.0.1.jar:/Users/marycat/.m2/repository/com/clearspring/analytics/stream/2.5.2/stream-2.5.2.jar:/Users/marycat/.m2/repository/it/unimi/dsi/fastutil/6.5.7/fastutil-6.5.7.jar:/Users/marycat/.m2/repository/net/sf/supercsv/super-csv/2.1.0/super-csv-2.1.0.jar:/Users/marycat/.m2/repository/ch/qos/logback/logback-core/1.1.2/logback-core-1.1.2.jar:/Users/marycat/.m2/repository/ch/qos/logback/logback-classic/1.1.2/logback-classic-1.1.2.jar:/Users/marycat/.m2/repository/org/apache/thrift/libthrift/0.9.2/libthrift-0.9.2.jar:/Users/marycat/.m2/repository/org/apache/httpcomponents/httpclient/4.2.5/httpclient-4.2.5.jar:/Users/marycat/.m2/repository/commons-logging/commons-logging/1.1.1/commons-logging-1.1.1.jar:/Users/marycat/.m2/repository/org/apache/httpcomponents/httpcore/4.2.4/httpcore-4.2.4.jar:/Users/marycat/.m2/repository/org/apache/cassandra/cassandra-thrift/2.1.6/cassandra-thrift-2.1.6.jar:/Users/marycat/.m2/repository/net/java/dev/jna/jna/4.0.0/jna-4.0.0.jar:/Users/marycat/.m2/repository/com/github/jbellis/jamm/0.3.0/jamm-0.3.0.jar:/Users/marycat/.m2/repository/io/netty/netty-all/4.0.23.Final/netty-all-4.0.23.Final.jar:"/>
    <property name="sun.cpu.endian" value="little"/>
    <property name="user.home" value="/Users/marycat"/>
    <property name="user.language" value="ru"/>
    <property name="java.specification.vendor" value="Oracle Corporation"/>
    <property name="java.version.date" value="2023-10-17"/>
    <property name="java.home" value="/Users/marycat/Library/Java/JavaVirtualMachines/corretto-17.0.9/Contents/Home"/>
    <property name="file.separator" value="/"/>
    <property name="basedir" value="/Users/marycat/IdeaProjects/project1"/>
    <property name="java.vm.compressedOopsMode" value="Zero based"/>
    <property name="line.separator" value="&#10;"/>
    <property name="java.vm.specification.vendor" value="Oracle Corporation"/>
    <property name="java.specification.name" value="Java Platform API Specification"/>
    <property name="surefire.real.class.path" value="/Users/marycat/IdeaProjects/project1/target/surefire/surefirebooter-20240507185043393_3.jar"/>
    <property name="sun.management.compiler" value="HotSpot 64-Bit Tiered Compilers"/>
    <property name="ftp.nonProxyHosts" value="local|*.local|169.254/16|*.169.254/16"/>
    <property name="java.runtime.version" value="17.0.9+8-LTS"/>
    <property name="user.name" value="marycat"/>
    <property name="path.separator" value=":"/>
    <property name="os.version" value="14.2.1"/>
    <property name="java.runtime.name" value="OpenJDK Runtime Environment"/>
    <property name="file.encoding" value="UTF-8"/>
    <property name="java.vm.name" value="OpenJDK 64-Bit Server VM"/>
    <property name="java.vendor.version" value="Corretto-17.0.9.8.1"/>
    <property name="localRepository" value="/Users/marycat/.m2/repository"/>
    <property name="java.vendor.url.bug" value="https://github.com/corretto/corretto-17/issues/"/>
    <property name="java.io.tmpdir" value="/var/folders/d9/632xfr_n6yb4_jvc1kv8gc0m0000gn/T/"/>
    <property name="idea.version" value="2023.3.2"/>
    <property name="java.version" value="17.0.9"/>
    <property name="user.dir" value="/Users/marycat/IdeaProjects/project1"/>
    <property name="os.arch" value="x86_64"/>
    <property name="java.vm.specification.name" value="Java Virtual Machine Specification"/>
    <property name="native.encoding" value="UTF-8"/>
    <property name="java.library.path" value="/Users/marycat/Library/Java/Extensions:/Library/Java/Extensions:/Network/Library/Java/Extensions:/System/Library/Java/Extensions:/usr/lib/java:."/>
    <property name="java.vm.info" value="mixed mode, sharing"/>
    <property name="java.vendor" value="Amazon.com Inc."/>
    <property name="java.vm.version" value="17.0.9+8-LTS"/>
    <property name="sun.io.unicode.encoding" value="UnicodeBig"/>
    <property name="socksNonProxyHosts" value="local|*.local|169.254/16|*.169.254/16"/>
    <property name="java.class.version" value="61.0"/>
  </properties>
  <testcase name="testMax" classname="org.example.MainTest" time="0.033">
    <system-out><![CDATA[Количество чисел в файле для функции _max = 2000
WorkTime для функции _max = 2
]]></system-out>
  </testcase>
  <testcase name="testMaxFile" classname="org.example.MainTest" time="0.165">
    <system-out><![CDATA[Количество чисел в файле для функции _max = 64000
WorkTime для функции _max = 17
]]></system-out>
  </testcase>
  <testcase name="testMin" classname="org.example.MainTest" time="0.006">
    <system-out><![CDATA[Количество чисел в файле для функции _min = 2000
WorkTime для функции _min = 0
]]></system-out>
  </testcase>
  <testcase name="testMinFile" classname="org.example.MainTest" time="0.082">
    <system-out><![CDATA[Количество чисел в файле для функции _min = 64000
WorkTime для функции _min = 11
]]></system-out>
  </testcase>
  <testcase name="testMult" classname="org.example.MainTest" time="0.005"/>
  <testcase name="testSum" classname="org.example.MainTest" time="0.003"/>
</testsuite>